2024-05-19 18:34:50,675 — INFO — Bit 1063 with 1 hits!
2024-05-19 19:23:24,586 — INFO — Assuming classification since there are less than 10 unique y values. If otherwise, explicitly set the mode to 'regression'!
2024-05-19 19:23:24,588 — INFO — Mols_shape: (6774,)
2024-05-19 19:23:24,589 — INFO — Features_shape: (6774, 11)
2024-05-19 19:23:24,589 — INFO — Labels_shape: (6774,)
2024-05-19 19:26:22,910 — INFO — Pattern does not match molecule! Active bits: [ 86 109 125 126 138 145 153 155 157 162 163 164 165]
2024-05-19 19:26:23,450 — INFO — Bits ON: [80, 389, 488, 695, 745, 1066, 1088, 1172, 1199, 1380, 1750, 1754, 1873, 1992, 2042]
2024-05-19 19:26:31,190 — INFO — Bit 1066 with 4 hits!
2024-05-19 19:27:00,720 — INFO — Bit 86 is off!
2024-05-19 19:27:00,721 — INFO — Bit 109 is off!
2024-05-19 19:27:00,721 — INFO — Bit 125 is off!
2024-05-19 19:27:00,723 — INFO — Bit 126 is off!
2024-05-19 19:27:00,723 — INFO — Bit 138 is off!
2024-05-19 19:27:00,724 — INFO — Bit 145 is off!
2024-05-19 19:27:00,725 — INFO — Bit 153 is off!
2024-05-19 19:27:00,725 — INFO — Bit 155 is off!
2024-05-19 19:27:00,726 — INFO — Bit 157 is off!
2024-05-19 19:27:00,727 — INFO — Bit 162 is off!
2024-05-19 19:27:00,727 — INFO — Bit 163 is off!
2024-05-19 19:27:00,728 — INFO — Bit 164 is off!
2024-05-19 19:27:00,728 — INFO — Bit 165 is off!
2024-05-19 19:27:09,113 — INFO — Bit 86 is off!
2024-05-19 19:27:09,114 — INFO — Bit 109 is off!
2024-05-19 19:27:09,115 — INFO — Bit 125 is off!
2024-05-19 19:27:09,115 — INFO — Bit 126 is off!
2024-05-19 19:27:09,117 — INFO — Bit 138 is off!
2024-05-19 19:27:09,118 — INFO — Bit 145 is off!
2024-05-19 19:27:09,118 — INFO — Bit 153 is off!
2024-05-19 19:27:09,119 — INFO — Bit 155 is off!
2024-05-19 19:27:09,119 — INFO — Bit 157 is off!
2024-05-19 19:27:09,120 — INFO — Bit 162 is off!
2024-05-19 19:27:09,121 — INFO — Bit 163 is off!
2024-05-19 19:27:09,121 — INFO — Bit 164 is off!
2024-05-19 19:27:09,122 — INFO — Bit 165 is off!
2024-05-19 19:27:33,980 — INFO — Pattern does not match molecule! Active bits: [ 86 109 125 126 138 145 153 155 157 162 163 164 165]
2024-05-19 19:27:47,919 — INFO — Pattern does not match molecule! Active bits: [ 86 109 125 126 138 145 153 155 157 162 163 164 165]
2024-05-19 19:27:59,916 — INFO — Bits ON: [80, 389, 488, 695, 745, 1066, 1088, 1172, 1199, 1380, 1750, 1754, 1873, 1992, 2042]
2024-05-19 19:28:16,135 — INFO — Bit 1066 with 4 hits!
